<?xml version="1.0" encoding="UTF-8"?>
<!-- Generated by org.testng.reporters.JUnitReportReporter -->
<testsuite hostname="Lucky" failures="0" tests="4" name="Day09Jun23.TestNgDemo1DataProvider" time="0.027" errors="0" timestamp="2023-06-09T20:31:51 IST" skipped="0">
  <testcase classname="Day09Jun23.TestNgDemo1DataProvider" name="validateLogin" time="0.003"/>
  <system-out/>
  <testcase classname="Day09Jun23.TestNgDemo1DataProvider" name="validateLogin" time="0.002"/>
  <system-out/>
  <testcase classname="Day09Jun23.TestNgDemo1DataProvider" name="validateLogin" time="0.002"/>
  <system-out/>
  <testcase classname="Day09Jun23.TestNgDemo1DataProvider" name="validateLogin" time="0.020"/>
  <system-out/>
</testsuite> <!-- Day09Jun23.TestNgDemo1DataProvider -->
