<?xml version="1.0" encoding="UTF-8"?>
<!-- Generated by org.testng.reporters.JUnitReportReporter -->
<testsuite hostname="Lucky" failures="0" tests="4" name="Day07Jun23.TestNgDemo2" time="0.008" errors="0" timestamp="2023-06-27T17:55:54 IST" skipped="2">
  <testcase classname="Day07Jun23.TestNgDemo2" name="reg" time="0.002"/>
  <system-out/>
  <testcase classname="Day07Jun23.TestNgDemo2" name="login" time="0.002">
    <skipped/>
  </testcase> <!-- login -->
  <system-out/>
  <testcase classname="Day07Jun23.TestNgDemo2" name="logout" time="0.002">
    <skipped/>
  </testcase> <!-- logout -->
  <system-out/>
  <testcase classname="Day07Jun23.TestNgDemo2" name="timepass" time="0.002"/>
  <system-out/>
</testsuite> <!-- Day07Jun23.TestNgDemo2 -->
