<?xml version="1.0" encoding="UTF-8"?>
<!-- Generated by org.testng.reporters.JUnitReportReporter -->
<testsuite hostname="Lucky" failures="0" tests="4" name="Day11Jun23.DataProviderDemo1" time="0.041" errors="0" timestamp="2023-06-11T22:07:07 IST" skipped="0">
  <testcase classname="Day11Jun23.DataProviderDemo1" name="verifyLogin" time="0.002"/>
  <system-out/>
  <testcase classname="Day11Jun23.DataProviderDemo1" name="verifyLogin" time="0.003"/>
  <system-out/>
  <testcase classname="Day11Jun23.DataProviderDemo1" name="verifyLogin" time="0.030"/>
  <system-out/>
  <testcase classname="Day11Jun23.DataProviderDemo1" name="verifyLogin" time="0.006"/>
  <system-out/>
</testsuite> <!-- Day11Jun23.DataProviderDemo1 -->
