<?xml version="1.0" encoding="UTF-8"?>
<!-- Generated by org.testng.reporters.JUnitReportReporter -->
<testsuite hostname="Lucky" failures="0" tests="1" name="Day15Jun23.FilteringElementsUsingSearchDemo" time="10.950" errors="0" timestamp="2023-07-28T11:55:52 IST" skipped="0">
  <testcase classname="Day15Jun23.FilteringElementsUsingSearchDemo" name="VerifySortedElements" time="10.950"/>
</testsuite> <!-- Day15Jun23.FilteringElementsUsingSearchDemo -->
