<?xml version="1.0" encoding="UTF-8"?>
<!-- Generated by org.testng.reporters.JUnitReportReporter -->
<testsuite hostname="Lucky" failures="0" tests="4" name="Day11Jun23.DataProviderDemo2" time="0.037" errors="0" timestamp="2023-06-26T22:18:16 IST" skipped="0">
  <testcase classname="Day11Jun23.DataProviderDemo2" name="verifyLogin" time="0.003"/>
  <system-out/>
  <testcase classname="Day11Jun23.DataProviderDemo2" name="verifyLogin" time="0.002"/>
  <system-out/>
  <testcase classname="Day11Jun23.DataProviderDemo2" name="verifyLogin" time="0.003"/>
  <system-out/>
  <testcase classname="Day11Jun23.DataProviderDemo2" name="verifyLogin" time="0.029"/>
  <system-out/>
</testsuite> <!-- Day11Jun23.DataProviderDemo2 -->
