<?xml version="1.0" encoding="UTF-8"?>
<!-- Generated by org.testng.reporters.JUnitReportReporter -->
<testsuite hostname="Lucky" failures="0" tests="3" name="Day07Jun23.TestNgDemo3" time="0.022" errors="0" timestamp="2023-06-27T17:55:54 IST" skipped="0">
  <testcase classname="Day07Jun23.TestNgDemo3" name="login" time="0.016"/>
  <system-out/>
  <testcase classname="Day07Jun23.TestNgDemo3" name="logout" time="0.003"/>
  <system-out/>
  <testcase classname="Day07Jun23.TestNgDemo3" name="reg" time="0.003"/>
  <system-out/>
</testsuite> <!-- Day07Jun23.TestNgDemo3 -->
