<?xml version="1.0" encoding="UTF-8"?>
<!-- Generated by org.testng.reporters.JUnitReportReporter -->
<testsuite hostname="Lucky" failures="0" tests="1" name="Day11Jun23.HardAssertionsDemo" time="0.036" errors="0" timestamp="2023-06-11T22:41:02 IST" skipped="0">
  <testcase classname="Day11Jun23.HardAssertionsDemo" name="verifyHardAssrtion" time="0.036"/>
  <system-out/>
</testsuite> <!-- Day11Jun23.HardAssertionsDemo -->
