<?xml version="1.0" encoding="UTF-8"?>
<!-- Generated by org.testng.reporters.JUnitReportReporter -->
<testsuite hostname="Lucky" failures="0" tests="4" name="Day09Jun23.TestNgDemo1DataProvider2" time="40.998" errors="0" timestamp="2023-06-09T22:07:40 IST" skipped="0">
  <testcase classname="Day09Jun23.TestNgDemo1DataProvider2" name="validateLogin" time="11.105"/>
  <system-out/>
  <testcase classname="Day09Jun23.TestNgDemo1DataProvider2" name="validateLogin" time="8.222"/>
  <system-out/>
  <testcase classname="Day09Jun23.TestNgDemo1DataProvider2" name="validateLogin" time="9.242"/>
  <system-out/>
  <testcase classname="Day09Jun23.TestNgDemo1DataProvider2" name="validateLogin" time="12.429"/>
  <system-out/>
</testsuite> <!-- Day09Jun23.TestNgDemo1DataProvider2 -->
