<?xml version="1.0" encoding="UTF-8"?>
<!-- Generated by org.testng.reporters.JUnitReportReporter -->
<testsuite hostname="Lucky" failures="0" tests="1" name="Day13Jun23.DataProviderDemo1" time="0.000" errors="0" timestamp="2023-06-26T22:19:06 IST" skipped="1">
  <testcase classname="Day13Jun23.DataProviderDemo1" name="verifyLogin" time="0.000">
    <skipped/>
  </testcase> <!-- verifyLogin -->
  <system-out/>
</testsuite> <!-- Day13Jun23.DataProviderDemo1 -->
