<?xml version="1.0" encoding="UTF-8"?>
<!-- Generated by org.testng.reporters.JUnitReportReporter -->
<testsuite hostname="Lucky" failures="0" tests="1" name="Day19Jun23.Tests.LandingPageTest" time="13.484" errors="0" timestamp="2023-07-28T11:33:51 IST" skipped="0">
  <testcase classname="Day19Jun23.Tests.LandingPageTest" name="verifyUrlTest" time="13.484"/>
</testsuite> <!-- Day19Jun23.Tests.LandingPageTest -->
